This is pdfTeX, Version 3.14159265-2.6-1.40.19 (TeX Live 2018) (preloaded format=pdflatex 2019.2.18)  22 FEB 2019 15:46
entering extended mode
 restricted \write18 enabled.
 file:line:error style messages enabled.
 %&-line parsing enabled.
**\input paper.tex
(./paper.tex (./aa.cls
Document Class: aa 2016/09/01{} v9.1{} Class for AA journal
(/usr/local/texlive/2018/texmf-dist/tex/latex/base/article.cls
Document Class: article 2014/09/29 v1.4h Standard LaTeX document class
(/usr/local/texlive/2018/texmf-dist/tex/latex/base/fleqn.clo
File: fleqn.clo 2016/12/29 v1.2a Standard LaTeX option (flush left equations)
\mathindent=\dimen102
Applying: [2015/01/01] Make \[ robust on input line 50.
LaTeX Info: Redefining \[ on input line 51.
Already applied: [0000/00/00] Make \[ robust on input line 62.
Applying: [2015/01/01] Make \] robust on input line 74.
LaTeX Info: Redefining \] on input line 75.
Already applied: [0000/00/00] Make \] robust on input line 83.
)
(/usr/local/texlive/2018/texmf-dist/tex/latex/base/size10.clo
File: size10.clo 2014/09/29 v1.4h Standard LaTeX file (size option)
)
\c@part=\count80
\c@section=\count81
\c@subsection=\count82
\c@subsubsection=\count83
\c@paragraph=\count84
\c@subparagraph=\count85
\c@figure=\count86
\c@table=\count87
\abovecaptionskip=\skip41
\belowcaptionskip=\skip42
\bibindent=\dimen103
)
\aa@fullwidth=\skip43
\aa@fullheight=\skip44

(/usr/local/texlive/2018/texmf-dist/tex/latex/tools/calc.sty
Package: calc 2017/05/25 v4.3 Infix arithmetic (KKT,FJ)
\calc@Acount=\count88
\calc@Bcount=\count89
\calc@Adimen=\dimen104
\calc@Bdimen=\dimen105
\calc@Askip=\skip45
\calc@Bskip=\skip46
LaTeX Info: Redefining \setlength on input line 80.
LaTeX Info: Redefining \addtolength on input line 81.
\calc@Ccount=\count90
\calc@Cskip=\skip47
)
(/usr/local/texlive/2018/texmf-dist/tex/latex/etex-pkg/etex.sty
Package: etex 2016/08/01 v2.7 eTeX basic definition package (PEB,DPC)
\et@xins=\count91
)
(/usr/local/texlive/2018/texmf-dist/tex/latex/base/fontenc.sty
Package: fontenc 2017/04/05 v2.0i Standard LaTeX package

(/usr/local/texlive/2018/texmf-dist/tex/latex/base/t1enc.def
File: t1enc.def 2017/04/05 v2.0i Standard LaTeX file
LaTeX Font Info:    Redeclaring font encoding T1 on input line 48.
))
(/usr/local/texlive/2018/texmf-dist/tex/latex/base/inputenc.sty
Package: inputenc 2018/04/06 v1.3b Input encoding file
\inpenc@prehook=\toks14
\inpenc@posthook=\toks15
)
(/usr/local/texlive/2018/texmf-dist/tex/latex/geometry/geometry.sty
Package: geometry 2018/03/24 v5.7 Page Geometry

(/usr/local/texlive/2018/texmf-dist/tex/latex/graphics/keyval.sty
Package: keyval 2014/10/28 v1.15 key=value parser (DPC)
\KV@toks@=\toks16
)
(/usr/local/texlive/2018/texmf-dist/tex/generic/oberdiek/ifpdf.sty
Package: ifpdf 2017/03/15 v3.2 Provides the ifpdf switch
)
(/usr/local/texlive/2018/texmf-dist/tex/generic/oberdiek/ifvtex.sty
Package: ifvtex 2016/05/16 v1.6 Detect VTeX and its facilities (HO)
Package ifvtex Info: VTeX not detected.
)
(/usr/local/texlive/2018/texmf-dist/tex/generic/ifxetex/ifxetex.sty
Package: ifxetex 2010/09/12 v0.6 Provides ifxetex conditional
)
\Gm@cnth=\count92
\Gm@cntv=\count93
\c@Gm@tempcnt=\count94
\Gm@bindingoffset=\dimen106
\Gm@wd@mp=\dimen107
\Gm@odd@mp=\dimen108
\Gm@even@mp=\dimen109
\Gm@layoutwidth=\dimen110
\Gm@layoutheight=\dimen111
\Gm@layouthoffset=\dimen112
\Gm@layoutvoffset=\dimen113
\Gm@dimlist=\toks17
)
(/usr/local/texlive/2018/texmf-dist/tex/latex/setspace/setspace.sty
Package: setspace 2011/12/19 v6.7a set line spacing
)
(/usr/local/texlive/2018/texmf-dist/tex/latex/fancyhdr/fancyhdr.sty
Package: fancyhdr 2017/06/30 v3.9a Extensive control of page headers and footer
s
\f@nch@headwidth=\skip48
\f@nch@O@elh=\skip49
\f@nch@O@erh=\skip50
\f@nch@O@olh=\skip51
\f@nch@O@orh=\skip52
\f@nch@O@elf=\skip53
\f@nch@O@erf=\skip54
\f@nch@O@olf=\skip55
\f@nch@O@orf=\skip56
)
(./cuted.sty
Package: cuted 1997/10/01
\At@ViperColsBreak=\toks18
\v@aaa=\box26
\v@ccc=\box27
\stripsep=\skip57
\@viper=\box28
\viper@penalty=\count95
\hold@viper=\box29
\ht@viper=\dimen114
) (/usr/local/texlive/2018/texmf-dist/tex/latex/amsmath/amsmath.sty
Package: amsmath 2017/09/02 v2.17a AMS math features
\@mathmargin=\skip58
For additional information on amsmath, use the `?' option.
(/usr/local/texlive/2018/texmf-dist/tex/latex/amsmath/amstext.sty
Package: amstext 2000/06/29 v2.01 AMS text

(/usr/local/texlive/2018/texmf-dist/tex/latex/amsmath/amsgen.sty
File: amsgen.sty 1999/11/30 v2.0 generic functions
\@emptytoks=\toks19
\ex@=\dimen115
))
(/usr/local/texlive/2018/texmf-dist/tex/latex/amsmath/amsbsy.sty
Package: amsbsy 1999/11/29 v1.2d Bold Symbols
\pmbraise@=\dimen116
)
(/usr/local/texlive/2018/texmf-dist/tex/latex/amsmath/amsopn.sty
Package: amsopn 2016/03/08 v2.02 operator names
)
\inf@bad=\count96
LaTeX Info: Redefining \frac on input line 213.
\uproot@=\count97
\leftroot@=\count98
LaTeX Info: Redefining \overline on input line 375.
\classnum@=\count99
\DOTSCASE@=\count100
LaTeX Info: Redefining \ldots on input line 472.
LaTeX Info: Redefining \dots on input line 475.
LaTeX Info: Redefining \cdots on input line 596.
\Mathstrutbox@=\box30
\strutbox@=\box31
\big@size=\dimen117
LaTeX Font Info:    Redeclaring font encoding OML on input line 712.
LaTeX Font Info:    Redeclaring font encoding OMS on input line 713.
\macc@depth=\count101
\c@MaxMatrixCols=\count102
\dotsspace@=\muskip10
\c@parentequation=\count103
\dspbrk@lvl=\count104
\tag@help=\toks20
\row@=\count105
\column@=\count106
\maxfields@=\count107
\andhelp@=\toks21
\eqnshift@=\dimen118
\alignsep@=\dimen119
\tagshift@=\dimen120
\tagwidth@=\dimen121
\totwidth@=\dimen122
\lineht@=\dimen123
\@envbody=\toks22
\multlinegap=\skip59
\multlinetaggap=\skip60
\mathdisplay@stack=\toks23
LaTeX Info: Redefining \[ on input line 2817.
LaTeX Info: Redefining \] on input line 2818.
)
(/usr/local/texlive/2018/texmf-dist/tex/latex/amsfonts/amssymb.sty
Package: amssymb 2013/01/14 v3.01 AMS font symbols

(/usr/local/texlive/2018/texmf-dist/tex/latex/amsfonts/amsfonts.sty
Package: amsfonts 2013/01/14 v3.01 Basic AMSFonts support
\symAMSa=\mathgroup4
\symAMSb=\mathgroup5
LaTeX Font Info:    Overwriting math alphabet `\mathfrak' in version `bold'
(Font)                  U/euf/m/n --> U/euf/b/n on input line 106.
))
(/usr/local/texlive/2018/texmf-dist/tex/latex/url/url.sty
\Urlmuskip=\muskip11
Package: url 2013/09/16  ver 3.4  Verb mode for urls, etc.
)
(/usr/local/texlive/2018/texmf-dist/tex/latex/tools/enumerate.sty
Package: enumerate 2015/07/23 v3.00 enumerate extensions (DPC)
\@enLab=\toks24
)
(/usr/local/texlive/2018/texmf-dist/tex/latex/tools/longtable.sty
Package: longtable 2014/10/28 v4.11 Multi-page Table package (DPC)
\LTleft=\skip61
\LTright=\skip62
\LTpre=\skip63
\LTpost=\skip64
\LTchunksize=\count108
\LTcapwidth=\dimen124
\LT@head=\box32
\LT@firsthead=\box33
\LT@foot=\box34
\LT@lastfoot=\box35
\LT@cols=\count109
\LT@rows=\count110
\c@LT@tables=\count111
\c@LT@chunks=\count112
\LT@p@ftn=\toks25
)
(/usr/local/texlive/2018/texmf-dist/tex/latex/natbib/natbib.sty
Package: natbib 2010/09/13 8.31b (PWD, AO)
\bibhang=\skip65
\bibsep=\skip66
LaTeX Info: Redefining \cite on input line 694.
\c@NAT@ctr=\count113
)
(/usr/local/texlive/2018/texmf-dist/tex/latex/tools/xspace.sty
Package: xspace 2014/10/28 v1.13 Space after command names (DPC,MH)
)
(/usr/local/texlive/2018/texmf-dist/tex/generic/babel/babel.sty
Package: babel 2018/02/14 3.18 The Babel package

(/usr/local/texlive/2018/texmf-dist/tex/generic/babel/switch.def
File: switch.def 2018/02/14 3.18 Babel switching mechanism
)
(/usr/local/texlive/2018/texmf-dist/tex/generic/babel-english/english.ldf
Language: english 2017/06/06 v3.3r English support from the babel system

(/usr/local/texlive/2018/texmf-dist/tex/generic/babel/babel.def
File: babel.def 2018/02/14 3.18 Babel common definitions
\babel@savecnt=\count114
\U@D=\dimen125

(/usr/local/texlive/2018/texmf-dist/tex/generic/babel/txtbabel.def)
\bbl@dirlevel=\count115
)
\l@canadian = a dialect from \language\l@american 
\l@australian = a dialect from \language\l@british 
\l@newzealand = a dialect from \language\l@british 
))
(/usr/local/texlive/2018/texmf-dist/tex/latex/graphics/rotating.sty
Package: rotating 2016/08/11 v2.16d rotated objects in LaTeX

(/usr/local/texlive/2018/texmf-dist/tex/latex/graphics/graphicx.sty
Package: graphicx 2017/06/01 v1.1a Enhanced LaTeX Graphics (DPC,SPQR)

(/usr/local/texlive/2018/texmf-dist/tex/latex/graphics/graphics.sty
Package: graphics 2017/06/25 v1.2c Standard LaTeX Graphics (DPC,SPQR)

(/usr/local/texlive/2018/texmf-dist/tex/latex/graphics/trig.sty
Package: trig 2016/01/03 v1.10 sin cos tan (DPC)
)
(/usr/local/texlive/2018/texmf-dist/tex/latex/graphics-cfg/graphics.cfg
File: graphics.cfg 2016/06/04 v1.11 sample graphics configuration
)
Package graphics Info: Driver file: pdftex.def on input line 99.

(/usr/local/texlive/2018/texmf-dist/tex/latex/graphics-def/pdftex.def
File: pdftex.def 2018/01/08 v1.0l Graphics/color driver for pdftex
))
\Gin@req@height=\dimen126
\Gin@req@width=\dimen127
)
(/usr/local/texlive/2018/texmf-dist/tex/latex/base/ifthen.sty
Package: ifthen 2014/09/29 v1.1c Standard LaTeX ifthen package (DPC)
)
\c@r@tfl@t=\count116
\rotFPtop=\skip67
\rotFPbot=\skip68
\rot@float@box=\box36
\rot@mess@toks=\toks26
)
\aa@cnta=\count117
\aa@cntb=\count118
\aa@nbwords=\count119
\aa@nbauthors=\count120
\aa@nbinstitutes=\count121
\c@aa@institutecnt=\count122
\aa@savecounter=\count123
\aa@dima=\skip69
\aa@dimb=\skip70
\aa@dimc=\skip71
\VSpaceBeforeTheorem=\skip72
\VSpaceAfterTheorem=\skip73
\HSpaceIndentTheorem=\skip74
\HVSpaceSepTheorem=\skip75
\aa@securityheadmargin=\skip76
\aa@bleedmargin=\skip77
\aa@voffsetlettername=\skip78
\aa@hoffsetlettername=\skip79
\aa@hoffsetgray=\skip80
\aa@aftercontentsnameskip=\skip81
\aa@aftercontentsAutnameskip=\skip82
\aa@beforeheadboxskip=\skip83
\aa@afterheadboxskip=\skip84
\aa@beforetopicsskip=\skip85
\aa@aftertopicsskip=\skip86
\aa@afterletternameskip=\skip87
\aa@beforeletternameskip=\skip88
\aa@beforeheadnoteskip=\skip89
\aa@afterheadnoteskip=\skip90
\aa@aftertitleskip=\skip91
\aa@beforesubtitleskip=\skip92
\aa@aftersubtitleskip=\skip93
\aa@afterauthorskip=\skip94
\aa@beforedefaultheadnoteskip=\skip95
\aa@headingleftmargin=\skip96
\aa@headingrightmargin=\skip97
\aa@afterinstituteskip=\skip98
\aa@instituteindent=\skip99
\aa@afterdateskip=\skip100
\aa@afterdedicationskip=\skip101
\aa@afterabstractnameskip=\skip102
\aa@afterabstractskip=\skip103
\aa@aftersubabstractskip=\skip104
\aa@afterkeywordsskip=\skip105
\aa@beforeacknowledgementsskip=\skip106
\aa@afteracknowledgementsskip=\skip107
\aa@figgap=\skip108
\aa@sidecaptionminwidth=\skip109
\aa@sidecaptionwidth=\skip110
\VSpaceBeforeFigCaption=\skip111
\VSpaceAfterTabCaption=\skip112
\VSpaceBeforeTabBib=\skip113
\VSpaceBeforeTabFoot=\skip114
\aftertext=\skip115
\aa@entryboxwidth=\skip116
\betweenumberspace=\skip117
\authorlink=\toks27
\yearCop=\toks28
\aa@stripbox=\box37
\aa@outputbox=\box38
\c@AAproof=\count124
\c@AAtheorem=\count125
)
(/usr/local/texlive/2018/texmf-dist/tex/latex/float/float.sty
Package: float 2001/11/08 v1.3d Float enhancements (AL)
\c@float@type=\count126
\float@exts=\toks29
\float@box=\box39
\@float@everytoks=\toks30
\@floatcapt=\box40
)
(/usr/local/texlive/2018/texmf-dist/tex/latex/xcolor/xcolor.sty
Package: xcolor 2016/05/11 v2.12 LaTeX color extensions (UK)

(/usr/local/texlive/2018/texmf-dist/tex/latex/graphics-cfg/color.cfg
File: color.cfg 2016/01/02 v1.6 sample color configuration
)
Package xcolor Info: Driver file: pdftex.def on input line 225.
Package xcolor Info: Model `cmy' substituted by `cmy0' on input line 1348.
Package xcolor Info: Model `hsb' substituted by `rgb' on input line 1352.
Package xcolor Info: Model `RGB' extended on input line 1364.
Package xcolor Info: Model `HTML' substituted by `rgb' on input line 1366.
Package xcolor Info: Model `Hsb' substituted by `hsb' on input line 1367.
Package xcolor Info: Model `tHsb' substituted by `hsb' on input line 1368.
Package xcolor Info: Model `HSB' substituted by `hsb' on input line 1369.
Package xcolor Info: Model `Gray' substituted by `gray' on input line 1370.
Package xcolor Info: Model `wave' substituted by `hsb' on input line 1371.
)
(./import.sty
Package: import 2009/03/23  v 5.1
)
(/usr/local/texlive/2018/texmf-dist/tex/latex/txfonts/txfonts.sty
Package: txfonts 2008/01/22 v3.2.1
LaTeX Font Info:    Redeclaring symbol font `operators' on input line 21.
LaTeX Font Info:    Overwriting symbol font `operators' in version `normal'
(Font)                  OT1/cmr/m/n --> OT1/txr/m/n on input line 21.
LaTeX Font Info:    Overwriting symbol font `operators' in version `bold'
(Font)                  OT1/cmr/bx/n --> OT1/txr/m/n on input line 21.
LaTeX Font Info:    Overwriting symbol font `operators' in version `bold'
(Font)                  OT1/txr/m/n --> OT1/txr/bx/n on input line 22.
\symitalic=\mathgroup6
LaTeX Font Info:    Overwriting symbol font `italic' in version `bold'
(Font)                  OT1/txr/m/it --> OT1/txr/bx/it on input line 26.
LaTeX Font Info:    Redeclaring math alphabet \mathbf on input line 29.
LaTeX Font Info:    Overwriting math alphabet `\mathbf' in version `normal'
(Font)                  OT1/cmr/bx/n --> OT1/txr/bx/n on input line 29.
LaTeX Font Info:    Overwriting math alphabet `\mathbf' in version `bold'
(Font)                  OT1/cmr/bx/n --> OT1/txr/bx/n on input line 29.
LaTeX Font Info:    Redeclaring math alphabet \mathit on input line 30.
LaTeX Font Info:    Overwriting math alphabet `\mathit' in version `normal'
(Font)                  OT1/cmr/m/it --> OT1/txr/m/it on input line 30.
LaTeX Font Info:    Overwriting math alphabet `\mathit' in version `bold'
(Font)                  OT1/cmr/bx/it --> OT1/txr/m/it on input line 30.
LaTeX Font Info:    Overwriting math alphabet `\mathit' in version `bold'
(Font)                  OT1/txr/m/it --> OT1/txr/bx/it on input line 31.
LaTeX Font Info:    Redeclaring math alphabet \mathsf on input line 40.
LaTeX Font Info:    Overwriting math alphabet `\mathsf' in version `normal'
(Font)                  OT1/cmss/m/n --> OT1/txss/m/n on input line 40.
LaTeX Font Info:    Overwriting math alphabet `\mathsf' in version `bold'
(Font)                  OT1/cmss/bx/n --> OT1/txss/m/n on input line 40.
LaTeX Font Info:    Overwriting math alphabet `\mathsf' in version `bold'
(Font)                  OT1/txss/m/n --> OT1/txss/b/n on input line 41.
LaTeX Font Info:    Redeclaring math alphabet \mathtt on input line 50.
LaTeX Font Info:    Overwriting math alphabet `\mathtt' in version `normal'
(Font)                  OT1/cmtt/m/n --> OT1/txtt/m/n on input line 50.
LaTeX Font Info:    Overwriting math alphabet `\mathtt' in version `bold'
(Font)                  OT1/cmtt/m/n --> OT1/txtt/m/n on input line 50.
LaTeX Font Info:    Overwriting math alphabet `\mathtt' in version `bold'
(Font)                  OT1/txtt/m/n --> OT1/txtt/b/n on input line 51.
LaTeX Font Info:    Redeclaring symbol font `letters' on input line 58.
LaTeX Font Info:    Overwriting symbol font `letters' in version `normal'
(Font)                  OML/cmm/m/it --> OML/txmi/m/it on input line 58.
LaTeX Font Info:    Overwriting symbol font `letters' in version `bold'
(Font)                  OML/cmm/b/it --> OML/txmi/m/it on input line 58.
LaTeX Font Info:    Overwriting symbol font `letters' in version `bold'
(Font)                  OML/txmi/m/it --> OML/txmi/bx/it on input line 59.
\symlettersA=\mathgroup7
LaTeX Font Info:    Overwriting symbol font `lettersA' in version `bold'
(Font)                  U/txmia/m/it --> U/txmia/bx/it on input line 67.
LaTeX Font Info:    Redeclaring math alphabet \mathfrak on input line 70.
LaTeX Font Info:    Redeclaring symbol font `symbols' on input line 77.
LaTeX Font Info:    Overwriting symbol font `symbols' in version `normal'
(Font)                  OMS/cmsy/m/n --> OMS/txsy/m/n on input line 77.
LaTeX Font Info:    Overwriting symbol font `symbols' in version `bold'
(Font)                  OMS/cmsy/b/n --> OMS/txsy/m/n on input line 77.
LaTeX Font Info:    Overwriting symbol font `symbols' in version `bold'
(Font)                  OMS/txsy/m/n --> OMS/txsy/bx/n on input line 78.
LaTeX Font Info:    Redeclaring symbol font `AMSa' on input line 93.
LaTeX Font Info:    Overwriting symbol font `AMSa' in version `normal'
(Font)                  U/msa/m/n --> U/txsya/m/n on input line 93.
LaTeX Font Info:    Overwriting symbol font `AMSa' in version `bold'
(Font)                  U/msa/m/n --> U/txsya/m/n on input line 93.
LaTeX Font Info:    Overwriting symbol font `AMSa' in version `bold'
(Font)                  U/txsya/m/n --> U/txsya/bx/n on input line 94.
LaTeX Font Info:    Redeclaring symbol font `AMSb' on input line 102.
LaTeX Font Info:    Overwriting symbol font `AMSb' in version `normal'
(Font)                  U/msb/m/n --> U/txsyb/m/n on input line 102.
LaTeX Font Info:    Overwriting symbol font `AMSb' in version `bold'
(Font)                  U/msb/m/n --> U/txsyb/m/n on input line 102.
LaTeX Font Info:    Overwriting symbol font `AMSb' in version `bold'
(Font)                  U/txsyb/m/n --> U/txsyb/bx/n on input line 103.
\symsymbolsC=\mathgroup8
LaTeX Font Info:    Overwriting symbol font `symbolsC' in version `bold'
(Font)                  U/txsyc/m/n --> U/txsyc/bx/n on input line 113.
LaTeX Font Info:    Redeclaring symbol font `largesymbols' on input line 120.
LaTeX Font Info:    Overwriting symbol font `largesymbols' in version `normal'
(Font)                  OMX/cmex/m/n --> OMX/txex/m/n on input line 120.
LaTeX Font Info:    Overwriting symbol font `largesymbols' in version `bold'
(Font)                  OMX/cmex/m/n --> OMX/txex/m/n on input line 120.
LaTeX Font Info:    Overwriting symbol font `largesymbols' in version `bold'
(Font)                  OMX/txex/m/n --> OMX/txex/bx/n on input line 121.
\symlargesymbolsA=\mathgroup9
LaTeX Font Info:    Overwriting symbol font `largesymbolsA' in version `bold'
(Font)                  U/txexa/m/n --> U/txexa/bx/n on input line 129.
LaTeX Info: Redefining \not on input line 1043.
)
(./enumitem.sty
Package: enumitem 2011/09/28 v3.5.2 Customized lists
\labelindent=\skip118
\enit@outerparindent=\dimen128
\enit@toks=\toks31
\enit@inbox=\box41
\enitdp@description=\count127
) (/usr/local/texlive/2018/texmf-dist/tex/latex/base/fontenc.sty
Package: fontenc 2017/04/05 v2.0i Standard LaTeX package
(/usr/local/texlive/2018/texmf-dist/tex/latex/base/t1enc.def
File: t1enc.def 2017/04/05 v2.0i Standard LaTeX file
LaTeX Font Info:    Redeclaring font encoding T1 on input line 48.
))
(/usr/local/texlive/2018/texmf-dist/tex/latex/ae/ae.sty
Package: ae 2001/02/12 1.3 Almost European Computer Modern

(/usr/local/texlive/2018/texmf-dist/tex/latex/base/fontenc.sty
Package: fontenc 2017/04/05 v2.0i Standard LaTeX package

(/usr/local/texlive/2018/texmf-dist/tex/latex/base/t1enc.def
File: t1enc.def 2017/04/05 v2.0i Standard LaTeX file
LaTeX Font Info:    Redeclaring font encoding T1 on input line 48.
)
LaTeX Font Info:    Try loading font information for T1+aer on input line 105.

(/usr/local/texlive/2018/texmf-dist/tex/latex/ae/t1aer.fd
File: t1aer.fd 1997/11/16 Font definitions for T1/aer.
)))
(/usr/local/texlive/2018/texmf-dist/tex/latex/ae/aecompl.sty
Package: aecompl 1998/07/23 0.9 T1 Complements for AE fonts (D. Roegel)
)
(/usr/local/texlive/2018/texmf-dist/tex/latex/hyperref/hyperref.sty
Package: hyperref 2018/02/06 v6.86b Hypertext links for LaTeX

(/usr/local/texlive/2018/texmf-dist/tex/generic/oberdiek/hobsub-hyperref.sty
Package: hobsub-hyperref 2016/05/16 v1.14 Bundle oberdiek, subset hyperref (HO)


(/usr/local/texlive/2018/texmf-dist/tex/generic/oberdiek/hobsub-generic.sty
Package: hobsub-generic 2016/05/16 v1.14 Bundle oberdiek, subset generic (HO)
Package: hobsub 2016/05/16 v1.14 Construct package bundles (HO)
Package: infwarerr 2016/05/16 v1.4 Providing info/warning/error messages (HO)
Package: ltxcmds 2016/05/16 v1.23 LaTeX kernel commands for general use (HO)
Package: ifluatex 2016/05/16 v1.4 Provides the ifluatex switch (HO)
Package ifluatex Info: LuaTeX not detected.
Package hobsub Info: Skipping package `ifvtex' (already loaded).
Package: intcalc 2016/05/16 v1.2 Expandable calculations with integers (HO)
Package hobsub Info: Skipping package `ifpdf' (already loaded).
Package: etexcmds 2016/05/16 v1.6 Avoid name clashes with e-TeX commands (HO)
Package etexcmds Info: Could not find \expanded.
(etexcmds)             That can mean that you are not using pdfTeX 1.50 or
(etexcmds)             that some package has redefined \expanded.
(etexcmds)             In the latter case, load this package earlier.
Package: kvsetkeys 2016/05/16 v1.17 Key value parser (HO)
Package: kvdefinekeys 2016/05/16 v1.4 Define keys (HO)
Package: pdftexcmds 2018/01/30 v0.27 Utility functions of pdfTeX for LuaTeX (HO
)
Package pdftexcmds Info: LuaTeX not detected.
Package pdftexcmds Info: \pdf@primitive is available.
Package pdftexcmds Info: \pdf@ifprimitive is available.
Package pdftexcmds Info: \pdfdraftmode found.
Package: pdfescape 2016/05/16 v1.14 Implements pdfTeX's escape features (HO)
Package: bigintcalc 2016/05/16 v1.4 Expandable calculations on big integers (HO
)
Package: bitset 2016/05/16 v1.2 Handle bit-vector datatype (HO)
Package: uniquecounter 2016/05/16 v1.3 Provide unlimited unique counter (HO)
)
Package hobsub Info: Skipping package `hobsub' (already loaded).
Package: letltxmacro 2016/05/16 v1.5 Let assignment for LaTeX macros (HO)
Package: hopatch 2016/05/16 v1.3 Wrapper for package hooks (HO)
Package: xcolor-patch 2016/05/16 xcolor patch
Package: atveryend 2016/05/16 v1.9 Hooks at the very end of document (HO)
Package: atbegshi 2016/06/09 v1.18 At begin shipout hook (HO)
Package: refcount 2016/05/16 v3.5 Data extraction from label references (HO)
Package: hycolor 2016/05/16 v1.8 Color options for hyperref/bookmark (HO)
)
(/usr/local/texlive/2018/texmf-dist/tex/latex/oberdiek/auxhook.sty
Package: auxhook 2016/05/16 v1.4 Hooks for auxiliary files (HO)
)
(/usr/local/texlive/2018/texmf-dist/tex/latex/oberdiek/kvoptions.sty
Package: kvoptions 2016/05/16 v3.12 Key value format for package options (HO)
)
\@linkdim=\dimen129
\Hy@linkcounter=\count128
\Hy@pagecounter=\count129

(/usr/local/texlive/2018/texmf-dist/tex/latex/hyperref/pd1enc.def
File: pd1enc.def 2018/02/06 v6.86b Hyperref: PDFDocEncoding definition (HO)
Now handling font encoding PD1 ...
... no UTF-8 mapping file for font encoding PD1
)
\Hy@SavedSpaceFactor=\count130

(/usr/local/texlive/2018/texmf-dist/tex/latex/latexconfig/hyperref.cfg
File: hyperref.cfg 2002/06/06 v1.2 hyperref configuration of TeXLive
)
Package hyperref Info: Hyper figures OFF on input line 4509.
Package hyperref Info: Link nesting OFF on input line 4514.
Package hyperref Info: Hyper index ON on input line 4517.
Package hyperref Info: Plain pages OFF on input line 4524.
Package hyperref Info: Backreferencing OFF on input line 4529.
Package hyperref Info: Implicit mode ON; LaTeX internals redefined.
Package hyperref Info: Bookmarks ON on input line 4762.
\c@Hy@tempcnt=\count131
LaTeX Info: Redefining \url on input line 5115.
\XeTeXLinkMargin=\dimen130
\Fld@menulength=\count132
\Field@Width=\dimen131
\Fld@charsize=\dimen132
Package hyperref Info: Hyper figures OFF on input line 6369.
Package hyperref Info: Link nesting OFF on input line 6374.
Package hyperref Info: Hyper index ON on input line 6377.
Package hyperref Info: backreferencing OFF on input line 6384.
Package hyperref Info: Link coloring OFF on input line 6389.
Package hyperref Info: Link coloring with OCG OFF on input line 6394.
Package hyperref Info: PDF/A mode OFF on input line 6399.
LaTeX Info: Redefining \ref on input line 6439.
LaTeX Info: Redefining \pageref on input line 6443.
\Hy@abspage=\count133
\c@Item=\count134
\c@Hfootnote=\count135
)
Package hyperref Info: Driver (autodetected): hpdftex.

(/usr/local/texlive/2018/texmf-dist/tex/latex/hyperref/hpdftex.def
File: hpdftex.def 2018/02/06 v6.86b Hyperref driver for pdfTeX
\Fld@listcount=\count136
\c@bookmark@seq@number=\count137

(/usr/local/texlive/2018/texmf-dist/tex/latex/oberdiek/rerunfilecheck.sty
Package: rerunfilecheck 2016/05/16 v1.8 Rerun checks for auxiliary files (HO)
Package uniquecounter Info: New unique counter `rerunfilecheck' on input line 2
82.
)
\Hy@SectionHShift=\skip119
)
(./paper.aux)
\openout1 = `paper.aux'.

LaTeX Font Info:    Checking defaults for OML/txmi/m/it on input line 65.
LaTeX Font Info:    Try loading font information for OML+txmi on input line 65.

 (/usr/local/texlive/2018/texmf-dist/tex/latex/txfonts/omltxmi.fd
File: omltxmi.fd 2000/12/15 v3.1
)
LaTeX Font Info:    ... okay on input line 65.
LaTeX Font Info:    Checking defaults for T1/cmr/m/n on input line 65.
LaTeX Font Info:    ... okay on input line 65.
LaTeX Font Info:    Checking defaults for OT1/cmr/m/n on input line 65.
LaTeX Font Info:    ... okay on input line 65.
LaTeX Font Info:    Checking defaults for OMS/txsy/m/n on input line 65.
LaTeX Font Info:    Try loading font information for OMS+txsy on input line 65.

(/usr/local/texlive/2018/texmf-dist/tex/latex/txfonts/omstxsy.fd
File: omstxsy.fd 2000/12/15 v3.1
)
LaTeX Font Info:    ... okay on input line 65.
LaTeX Font Info:    Checking defaults for OMX/txex/m/n on input line 65.
LaTeX Font Info:    Try loading font information for OMX+txex on input line 65.


(/usr/local/texlive/2018/texmf-dist/tex/latex/txfonts/omxtxex.fd
File: omxtxex.fd 2000/12/15 v3.1
)
LaTeX Font Info:    ... okay on input line 65.
LaTeX Font Info:    Checking defaults for U/txexa/m/n on input line 65.
LaTeX Font Info:    Try loading font information for U+txexa on input line 65.

(/usr/local/texlive/2018/texmf-dist/tex/latex/txfonts/utxexa.fd
File: utxexa.fd 2000/12/15 v3.1
)
LaTeX Font Info:    ... okay on input line 65.
LaTeX Font Info:    Checking defaults for PD1/pdf/m/n on input line 65.
LaTeX Font Info:    ... okay on input line 65.

*geometry* detected driver: pdftex
*geometry* verbose mode - [ preamble ] result:
* driver: pdftex
* paper: a4paper
* layout: <same size as paper>
* layoutoffset:(h,v)=(0.0pt,0.0pt)
* modes: twoside 
* h-part:(L,W,R)=(36.98859pt, 523.5307pt, 36.98859pt)
* v-part:(T,H,B)=(56.01874pt, 705.0pt, 84.0281pt)
* \paperwidth=597.50787pt
* \paperheight=845.04684pt
* \textwidth=523.5307pt
* \textheight=705.0pt
* \oddsidemargin=-35.2814pt
* \evensidemargin=-35.2814pt
* \topmargin=-40.25125pt
* \headheight=12.0pt
* \headsep=12.0pt
* \topskip=10.0pt
* \footskip=20.0pt
* \marginparwidth=0.0pt
* \marginparsep=0.0pt
* \columnsep=11.38109pt
* \skip\footins=9.0pt plus 4.0pt minus 2.0pt
* \hoffset=0.0pt
* \voffset=0.0pt
* \mag=1000
* \@twocolumntrue
* \@twosidetrue
* \@mparswitchtrue
* \@reversemarginfalse
* (1in=72.27pt=25.4mm, 1cm=28.453pt)

(/usr/local/texlive/2018/texmf-dist/tex/context/base/mkii/supp-pdf.mkii
[Loading MPS to PDF converter (version 2006.09.02).]
\scratchcounter=\count138
\scratchdimen=\dimen133
\scratchbox=\box42
\nofMPsegments=\count139
\nofMParguments=\count140
\everyMPshowfont=\toks32
\MPscratchCnt=\count141
\MPscratchDim=\dimen134
\MPnumerator=\count142
\makeMPintoPDFobject=\count143
\everyMPtoPDFconversion=\toks33
) (/usr/local/texlive/2018/texmf-dist/tex/latex/oberdiek/epstopdf-base.sty
Package: epstopdf-base 2016/05/15 v2.6 Base part for package epstopdf

(/usr/local/texlive/2018/texmf-dist/tex/latex/oberdiek/grfext.sty
Package: grfext 2016/05/16 v1.2 Manage graphics extensions (HO)
)
Package epstopdf-base Info: Redefining graphics rule for `.eps' on input line 4
38.
Package grfext Info: Graphics extension search list:
(grfext)             [.pdf,.png,.jpg,.mps,.jpeg,.jbig2,.jb2,.PDF,.PNG,.JPG,.JPE
G,.JBIG2,.JB2,.eps]
(grfext)             \AppendGraphicsExtensions on input line 456.

(/usr/local/texlive/2018/texmf-dist/tex/latex/latexconfig/epstopdf-sys.cfg
File: epstopdf-sys.cfg 2010/07/13 v1.3 Configuration of (r)epstopdf for TeX Liv
e
))
\AtBeginShipoutBox=\box43
Package hyperref Info: Link coloring OFF on input line 65.

(/usr/local/texlive/2018/texmf-dist/tex/latex/hyperref/nameref.sty
Package: nameref 2016/05/21 v2.44 Cross-referencing by name of section

(/usr/local/texlive/2018/texmf-dist/tex/generic/oberdiek/gettitlestring.sty
Package: gettitlestring 2016/05/16 v1.5 Cleanup title references (HO)
)
\c@section@level=\count144
)
LaTeX Info: Redefining \ref on input line 65.
LaTeX Info: Redefining \pageref on input line 65.
LaTeX Info: Redefining \nameref on input line 65.

(./paper.out) (./paper.out)
\@outlinefile=\write3
\openout3 = `paper.out'.




IMPORTANT

Class aa Warning: Around 312 words in the abstract instead of 300 (max). You sh
ould rewrite your abstract on input line 199.

IMPORTANT 

LaTeX Font Info:    Try loading font information for OMS+aer on input line 201.

(/usr/local/texlive/2018/texmf-dist/tex/latex/ae/omsaer.fd
File: omsaer.fd 1999/12/27
)
LaTeX Font Info:    Font shape `OMS/aer/m/n' in size <10> not available
(Font)              Font shape `OMS/cmsy/m/n' tried instead on input line 201.
LaTeX Font Info:    Try loading font information for OT1+txr on input line 201.


(/usr/local/texlive/2018/texmf-dist/tex/latex/txfonts/ot1txr.fd
File: ot1txr.fd 2000/12/15 v3.1
)
LaTeX Font Info:    Try loading font information for U+txsya on input line 201.


(/usr/local/texlive/2018/texmf-dist/tex/latex/txfonts/utxsya.fd
File: utxsya.fd 2000/12/15 v3.1
)
LaTeX Font Info:    Try loading font information for U+txsyb on input line 201.


(/usr/local/texlive/2018/texmf-dist/tex/latex/txfonts/utxsyb.fd
File: utxsyb.fd 2000/12/15 v3.1
)
LaTeX Font Info:    Try loading font information for U+txmia on input line 201.


(/usr/local/texlive/2018/texmf-dist/tex/latex/txfonts/utxmia.fd
File: utxmia.fd 2000/12/15 v3.1
)
LaTeX Font Info:    Try loading font information for U+txsyc on input line 201.


(/usr/local/texlive/2018/texmf-dist/tex/latex/txfonts/utxsyc.fd
File: utxsyc.fd 2000/12/15 v3.1
)
LaTeX Font Info:    Try loading font information for T1+aess on input line 201.


(/usr/local/texlive/2018/texmf-dist/tex/latex/ae/t1aess.fd
File: t1aess.fd 1997/11/16 Font definitions for T1/aess.
)
Underfull \hbox (badness 1655) in paragraph at lines 201--201
 []\T1/aer/m/n/9 MINES Paris-tech, PSL Re-search Uni-ver-sity, Cen-tre for Math
-e-mat-i-cal Mor-phol-ogy, 35 rue Saint-Honore, 
 []


LaTeX Warning: Optional argument of \twocolumn too tall on page 1.


Overfull \vbox (12.74596pt too high) has occurred while \output is active []



LaTeX Warning: Text page 1 contains only floats.


Overfull \vbox (12.74596pt too high) has occurred while \output is active []



Package hyperref Warning: Suppressing link with empty target on input line 201.


[1{/usr/local/texlive/2018/texmf-var/fonts/map/pdftex/updmap/pdftex.map}


]
Underfull \vbox (badness 10000) has occurred while \output is active []


Underfull \vbox (badness 10000) has occurred while \output is active []



Package hyperref Warning: Suppressing link with empty target on input line 201.


[2]

Package hyperref Warning: Suppressing link with empty target on input line 229.


[3]

Package hyperref Warning: Suppressing link with empty target on input line 262.


[4]
LaTeX Font Info:    Font shape `T1/aess/m/it' in size <10> not available
(Font)              Font shape `T1/aess/m/sl' tried instead on input line 294.


Package hyperref Warning: Suppressing link with empty target on input line 305.


[5]
Overfull \hbox (29.6738pt too wide) in paragraph at lines 313--343
 [][] 
 []

<figures/arcmethod.pdf, id=456, 821.0675pt x 519.9425pt>
File: figures/arcmethod.pdf Graphic file (type pdf)
<use figures/arcmethod.pdf>
Package pdftex.def Info: figures/arcmethod.pdf  used on input line 407.
(pdftex.def)             Requested size: 256.0748pt x 162.15634pt.

Package hyperref Warning: Suppressing link with empty target on input line 414.


[6 <./figures/arcmethod.pdf>]

Package hyperref Warning: Suppressing link with empty target on input line 437.


[7]
<figures/polarfilter.pdf, id=517, 1276.29079pt x 409.04901pt>
File: figures/polarfilter.pdf Graphic file (type pdf)
<use figures/polarfilter.pdf>
Package pdftex.def Info: figures/polarfilter.pdf  used on input line 449.
(pdftex.def)             Requested size: 256.0748pt x 82.0705pt.


Package hyperref Warning: Suppressing link with empty target on input line 503.


[8 <./figures/polarfilter.pdf>]

Package hyperref Warning: Suppressing link with empty target on input line 547.


[9]
LaTeX Font Info:    Try loading font information for T1+aett on input line 585.

 (/usr/local/texlive/2018/texmf-dist/tex/latex/ae/t1aett.fd
File: t1aett.fd 1997/11/16 Font definitions for T1/aett.
)
<figures/Fig1_gamoclass.pdf, id=628, 866.3624pt x 173.33005pt>
File: figures/Fig1_gamoclass.pdf Graphic file (type pdf)
<use figures/Fig1_gamoclass.pdf>
Package pdftex.def Info: figures/Fig1_gamoclass.pdf  used on input line 636.
(pdftex.def)             Requested size: 523.5307pt x 104.74466pt.
<figures/Fig2_gamoclass.pdf, id=640, 794.97pt x 614.295pt>
File: figures/Fig2_gamoclass.pdf Graphic file (type pdf)
<use figures/Fig2_gamoclass.pdf>
Package pdftex.def Info: figures/Fig2_gamoclass.pdf  used on input line 657.
(pdftex.def)             Requested size: 256.0748pt x 197.8813pt.


Package hyperref Warning: Suppressing link with empty target on input line 660.


[10]
Underfull \hbox (badness 10000) in paragraph at lines 672--672
[][][]\T1/aett/m/n/9 https://www.mathworks.com/products/matlab.html\T1/aer/m/n/
9 ,
 []


Underfull \hbox (badness 10000) in paragraph at lines 672--672
\T1/aett/m/n/9 https://www.mathworks.com/help/nnet/convolutional-
 []


Package hyperref Warning: Suppressing link with empty target on input line 678.


[11 <./figures/Fig1_gamoclass.pdf> <./figures/Fig2_gamoclass.pdf, page is rotat
ed 90 degrees>]
<figures/SLchallengeCAST.png, id=730, 698.61pt x 290.0436pt>
File: figures/SLchallengeCAST.png Graphic file (type png)
<use figures/SLchallengeCAST.png>
Package pdftex.def Info: figures/SLchallengeCAST.png  used on input line 708.
(pdftex.def)             Requested size: 256.0748pt x 106.31422pt.


Package hyperref Warning: Suppressing link with empty target on input line 741.


[12 <./figures/SLchallengeCAST.png>]

Package hyperref Warning: Suppressing link with empty target on input line 798.


[13]

Package hyperref Warning: Suppressing link with empty target on input line 838.


[14]
<figures/roc_space.pdf, id=829, 577.15625pt x 360.34625pt>
File: figures/roc_space.pdf Graphic file (type pdf)
<use figures/roc_space.pdf>
Package pdftex.def Info: figures/roc_space.pdf  used on input line 918.
(pdftex.def)             Requested size: 512.1496pt x 319.77242pt.
<figures/roc_ground.pdf, id=830, 577.15625pt x 360.34625pt>
File: figures/roc_ground.pdf Graphic file (type pdf)
<use figures/roc_ground.pdf>
Package pdftex.def Info: figures/roc_ground.pdf  used on input line 924.
(pdftex.def)             Requested size: 512.1496pt x 319.77242pt.
<figures/roc_kids.pdf, id=832, 577.15625pt x 360.34625pt>
File: figures/roc_kids.pdf Graphic file (type pdf)
<use figures/roc_kids.pdf>
Package pdftex.def Info: figures/roc_kids.pdf  used on input line 930.
(pdftex.def)             Requested size: 512.1496pt x 319.77242pt.
<figures/einstein_space.pdf, id=840, 866.23625pt x 866.23625pt>
File: figures/einstein_space.pdf Graphic file (type pdf)
<use figures/einstein_space.pdf>
Package pdftex.def Info: figures/einstein_space.pdf  used on input line 942.
(pdftex.def)             Requested size: 512.1496pt x 512.17203pt.
<figures/einstein_ground.pdf, id=841, 866.23625pt x 866.23625pt>
File: figures/einstein_ground.pdf Graphic file (type pdf)
<use figures/einstein_ground.pdf>
Package pdftex.def Info: figures/einstein_ground.pdf  used on input line 948.
(pdftex.def)             Requested size: 512.1496pt x 512.17203pt.
<figures/flux_space.pdf, id=843, 866.23625pt x 866.23625pt>
File: figures/flux_space.pdf Graphic file (type pdf)
<use figures/flux_space.pdf>
Package pdftex.def Info: figures/flux_space.pdf  used on input line 954.
(pdftex.def)             Requested size: 512.1496pt x 512.17203pt.
<figures/flux_ground.pdf, id=844, 866.23625pt x 866.23625pt>
File: figures/flux_ground.pdf Graphic file (type pdf)
<use figures/flux_ground.pdf>
Package pdftex.def Info: figures/flux_ground.pdf  used on input line 960.
(pdftex.def)             Requested size: 512.1496pt x 512.17203pt.
<figures/npixel_space.pdf, id=846, 866.23625pt x 866.23625pt>
File: figures/npixel_space.pdf Graphic file (type pdf)
<use figures/npixel_space.pdf>
Package pdftex.def Info: figures/npixel_space.pdf  used on input line 966.
(pdftex.def)             Requested size: 512.1496pt x 512.17203pt.
<figures/npixel_ground.pdf, id=847, 866.23625pt x 866.23625pt>
File: figures/npixel_ground.pdf Graphic file (type pdf)
<use figures/npixel_ground.pdf>
Package pdftex.def Info: figures/npixel_ground.pdf  used on input line 973.
(pdftex.def)             Requested size: 512.1496pt x 512.17203pt.
<figures/flux_contrast_space.pdf, id=849, 866.23625pt x 866.23625pt>
File: figures/flux_contrast_space.pdf Graphic file (type pdf)
<use figures/flux_contrast_space.pdf>
Package pdftex.def Info: figures/flux_contrast_space.pdf  used on input line 97
9.
(pdftex.def)             Requested size: 512.1496pt x 512.17203pt.
<figures/flux_contrast_ground.pdf, id=851, 866.23625pt x 866.23625pt>
File: figures/flux_contrast_ground.pdf Graphic file (type pdf)
<use figures/flux_contrast_ground.pdf>
Package pdftex.def Info: figures/flux_contrast_ground.pdf  used on input line 9
85.
(pdftex.def)             Requested size: 512.1496pt x 512.17203pt.

Underfull \vbox (badness 1199) has occurred while \output is active []



Package hyperref Warning: Suppressing link with empty target on input line 1015
.

[15]

Package hyperref Warning: Suppressing link with empty target on input line 1015
.

[16 <./figures/roc_space.pdf> <./figures/roc_ground.pdf>]
Underfull \vbox (badness 10000) has occurred while \output is active []


Underfull \vbox (badness 10000) has occurred while \output is active []



Package hyperref Warning: Suppressing link with empty target on input line 1017
.

[17] (./paper.bbl

Package hyperref Warning: Suppressing empty link on input line 22.


Package hyperref Warning: Suppressing empty link on input line 32.


Package hyperref Warning: Suppressing link with empty target on input line 55.

[18 <./figures/roc_kids.pdf>]

Package hyperref Warning: Suppressing empty link on input line 116.


Underfull \hbox (badness 3417) in paragraph at lines 115--118
[]\T1/aer/m/n/8 Clevert D.-A., Un-terthiner T., Hochre-iter S., 2015, preprint,

 []


Package hyperref Warning: Suppressing empty link on input line 137.


Package hyperref Warning: Suppressing link with empty target on input line 162.


[19 <./figures/einstein_space.pdf>]
Underfull \hbox (badness 1199) in paragraph at lines 223--228
\T1/aer/m/n/8 na-tional Con-fer-ence on Com-puter Vi-sion (ICCV). IEEE, pp
 []


Underfull \hbox (badness 10000) in paragraph at lines 223--228
\T1/aer/m/n/8 1026--1034 ([]\T1/aett/m/n/8 arXiv:1502.01852[]\T1/aer/m/n/8 ), [
]doi:10.1109/ICCV.2015.123[],
 []


Underfull \hbox (badness 10000) in paragraph at lines 223--228
[]$\T1/aett/m/n/8 http : / / arxiv . org / abs / 1502 . 01852http : / / ieeexpl
ore . ieee .
 []


Underfull \hbox (badness 2197) in paragraph at lines 235--237
[]\T1/aer/m/n/8 He K., Zhang X., Ren S., Sun J., 2016, preprint, pp 1--15
 []


Package hyperref Warning: Suppressing empty link on input line 242.


Package hyperref Warning: Suppressing link with empty target on input line 263.


[20 <./figures/einstein_ground.pdf>]

Package hyperref Warning: Suppressing empty link on input line 276.


Package hyperref Warning: Suppressing empty link on input line 316.


Package hyperref Warning: Suppressing link with empty target on input line 368.


[21 <./figures/flux_space.pdf>]
Underfull \hbox (badness 10000) in paragraph at lines 424--425
[]\T1/aer/m/n/8 Nesterov Y., 1983, Dok-lady ANSSSR (trans-lated as So-
 []


Package hyperref Warning: Suppressing empty link on input line 464.


Package hyperref Warning: Suppressing link with empty target on input line 497.


[22 <./figures/flux_ground.pdf>]

Package hyperref Warning: Suppressing empty link on input line 537.


Underfull \hbox (badness 1127) in paragraph at lines 536--539
[]\T1/aer/m/n/8 Schaefer C., Geiger M., Kuntzer T., Kneib J., 2017, preprint,
 []


Package hyperref Warning: Suppressing empty link on input line 560.


Package hyperref Warning: Suppressing link with empty target on input line 608.


[23 <./figures/npixel_space.pdf>])

Package hyperref Warning: Suppressing link with empty target on input line 1050
.

[24 <./figures/npixel_ground.pdf>]

Package hyperref Warning: Suppressing link with empty target on input line 1050
.

[25 <./figures/flux_contrast_space.pdf>]

Package hyperref Warning: Suppressing link with empty target on input line 1050
.

[26 <./figures/flux_contrast_ground.pdf>]
Package atveryend Info: Empty hook `BeforeClearDocument' on input line 1053.
Package atveryend Info: Empty hook `AfterLastShipout' on input line 1053.
 (./paper.aux)
Package atveryend Info: Executing hook `AtVeryEndDocument' on input line 1053.
Package atveryend Info: Executing hook `AtEndAfterFileList' on input line 1053.



Package rerunfilecheck Warning: File `paper.out' has changed.
(rerunfilecheck)                Rerun to get outlines right
(rerunfilecheck)                or use package `bookmark'.

Package rerunfilecheck Info: Checksums for `paper.out':
(rerunfilecheck)             Before: 080AD71A59632A1A46E8FEDDA5A48931;2142
(rerunfilecheck)             After:  437FA489BB8B228F318AEA00E99A1189;2142.

LaTeX Warning: Label(s) may have changed. Rerun to get cross-references right.

 ) 
Here is how much of TeX's memory you used:
 10824 strings out of 492649
 157049 string characters out of 6129622
 305199 words of memory out of 5000000
 14153 multiletter control sequences out of 15000+600000
 93066 words of font info for 187 fonts, out of 8000000 for 9000
 1141 hyphenation exceptions out of 8191
 39i,12n,45p,1282b,711s stack positions out of 5000i,500n,10000p,200000b,80000s
{/usr/local/texlive/2018/texmf-dist/fonts/enc/dvips/base/8r.enc}</usr/local/t
exlive/2018/texmf-dist/fonts/type1/public/amsfonts/cm/cmbx10.pfb></usr/local/te
xlive/2018/texmf-dist/fonts/type1/public/amsfonts/cm/cmbx9.pfb></usr/local/texl
ive/2018/texmf-dist/fonts/type1/public/amsfonts/cm/cmcsc10.pfb></usr/local/texl
ive/2018/texmf-dist/fonts/type1/public/amsfonts/cm/cmmi10.pfb></usr/local/texli
ve/2018/texmf-dist/fonts/type1/public/amsfonts/cm/cmr10.pfb></usr/local/texlive
/2018/texmf-dist/fonts/type1/public/amsfonts/cm/cmr6.pfb></usr/local/texlive/20
18/texmf-dist/fonts/type1/public/amsfonts/cm/cmr7.pfb></usr/local/texlive/2018/
texmf-dist/fonts/type1/public/amsfonts/cm/cmr8.pfb></usr/local/texlive/2018/tex
mf-dist/fonts/type1/public/amsfonts/cm/cmr9.pfb></usr/local/texlive/2018/texmf-
dist/fonts/type1/public/amsfonts/cm/cmsl10.pfb></usr/local/texlive/2018/texmf-d
ist/fonts/type1/public/amsfonts/cm/cmsl9.pfb></usr/local/texlive/2018/texmf-dis
t/fonts/type1/public/amsfonts/cm/cmss10.pfb></usr/local/texlive/2018/texmf-dist
/fonts/type1/public/amsfonts/cm/cmssbx10.pfb></usr/local/texlive/2018/texmf-dis
t/fonts/type1/public/amsfonts/cm/cmssi10.pfb></usr/local/texlive/2018/texmf-dis
t/fonts/type1/public/amsfonts/cm/cmsy10.pfb></usr/local/texlive/2018/texmf-dist
/fonts/type1/public/amsfonts/cm/cmti10.pfb></usr/local/texlive/2018/texmf-dist/
fonts/type1/public/amsfonts/cm/cmtt10.pfb></usr/local/texlive/2018/texmf-dist/f
onts/type1/public/amsfonts/cm/cmtt8.pfb></usr/local/texlive/2018/texmf-dist/fon
ts/type1/public/amsfonts/cm/cmtt9.pfb></usr/local/texlive/2018/texmf-dist/fonts
/type1/public/txfonts/rtxmi.pfb></usr/local/texlive/2018/texmf-dist/fonts/type1
/public/txfonts/rtxr.pfb></usr/local/texlive/2018/texmf-dist/fonts/type1/public
/txfonts/txex.pfb></usr/local/texlive/2018/texmf-dist/fonts/type1/public/txfont
s/txsy.pfb></usr/local/texlive/2018/texmf-dist/fonts/type1/public/txfonts/txsyb
.pfb></usr/local/texlive/2018/texmf-dist/fonts/type1/urw/times/utmr8a.pfb></usr
/local/texlive/2018/texmf-dist/fonts/type1/urw/times/utmri8a.pfb>
Output written on paper.pdf (26 pages, 4396800 bytes).
PDF statistics:
 1305 PDF objects out of 1440 (max. 8388607)
 1190 compressed objects within 12 object streams
 254 named destinations out of 1000 (max. 500000)
 297 words of extra memory for PDF output out of 10000 (max. 10000000)

